<?xml version="1.0" ?>
<testsuite errors="0" failures="2" name="malaria regression suite" tests="22" time="552.258">
	<properties>
		<property name="Version string" value="2.0.5633.0 trunk"/>
		<property name="HPC Headnode" value="bayesianhpc.internal.idm.ctr"/>
		<property name="HPC Nodegroup" value="ComputeNodes"/>
	</properties>
	<testcase name="101_OneMalariaIndividual_MultipleAntigens" time="4.0"/>
	<testcase name="38_Malaria_Namawala_HousingModAt540_WithDeaths" time="8.0"/>
	<testcase name="99_Malaria_Intervention_RTSSVaccine" time="8.0"/>
	<testcase name="40_Malaria_Namawala_LargeVectorCampaign_StrainGenerator" time="10.0"/>
	<testcase name="67_Malaria_Namawala_AgeConcentrationDrugs" time="15.0"/>
	<testcase name="12_Malaria_Namawala_LargeVectorCampaign" time="18.0"/>
	<testcase name="66_Malaria_InputEIR" time="8.0"/>
	<testcase name="34_Malaria_Namawala_Drugs" time="22.0"/>
	<testcase name="100_OneMalariaIndividual_SingleAntigen" time="5.0"/>
	<testcase name="102_OneMalariaIndividual_MultipleSwitchingAntigens" time="5.0"/>
	<testcase name="103_OneMalariaIndividual_MultipleSwitchingAntigensSuperInfection" time="5.0"/>
	<testcase name="57_Malaria_Namawala_Drugs_PkPd" time="32.0"/>
	<testcase name="41_Malaria_Default_Geography" time="-1">
		<failure message="41_Malaria_Default_Geography failed validation!  Result data can be found at \\bayesianfil01\IDM\home\clorton\output\simulations\\2015_10_27_18_43_29_064000\output/InsetChart.json" type="Validation failure"/>
		<system-out>n/a</system-out>
		<system-err>n/a</system-err>
	</testcase>
	<testcase name="22_Malaria_Namawala_HousingModAt540" time="69.0"/>
	<testcase name="28_Malaria_Sandbox" time="73.0"/>
	<testcase name="68_Malaria_Barcode_Genetics" time="79.0"/>
	<testcase name="55_Malaria_Strain_Tracking" time="103.0"/>
	<testcase name="24_Malaria_Garki" time="-1">
		<failure message="24_Malaria_Garki failed validation!  Result data can be found at \\bayesianfil01\IDM\home\clorton\output\simulations\\2015_10_27_18_43_28_570000\output/InsetChart.json" type="Validation failure"/>
		<system-out>n/a</system-out>
		<system-err>n/a</system-err>
	</testcase>
	<testcase name="111_Namawala_Immune_Initialization" time="198.0"/>
	<testcase name="110_Namawala_Production_Burnin" time="241.0"/>
	<testcase name="Scenarios/VectorAndMalaria/08_Garki_IRSMDA" time="313.0"/>
	<testcase name="Scenarios/VectorAndMalaria/02_Namawala_Full_Malaria_Model" time="523.0"/>
</testsuite>
