<?xml version="1.0" ?>
<testsuite errors="9" failures="50" name="win_trunk regression suite" tests="129" time="7762.139">
	<properties>
		<property name="Version string" value="2.0.5633.0 trunk"/>
		<property name="HPC Headnode" value="bayesianhpc.internal.idm.ctr"/>
		<property name="HPC Nodegroup" value="ComputeNodes"/>
	</properties>
	<testcase name="23_Generic_Namawala" time="1.0"/>
	<testcase name="18_Vector_Namawala_Indoor_IRSOnly" time="2.0"/>
	<testcase name="11_Vector_Namawala_Larvicides" time="3.0"/>
	<testcase name="20_Vector_Namawala_IRSOnly" time="2.0"/>
	<testcase name="21_Vector_Namawala_4Interventions" time="2.0"/>
	<testcase name="19_Vector_Namawala_Indoor_4Interventions" time="2.0"/>
	<testcase name="37_Vector_Release_Sterile_Male_Cohort" time="3.0"/>
	<testcase name="5_Vector_Namawala_SugarTrap_EveryFeedFeed" time="19.0"/>
	<testcase name="10_Vector_Namawala_Oviposition" time="18.0"/>
	<testcase name="12_Malaria_Namawala_LargeVectorCampaign" time="18.0"/>
	<testcase name="39_Vector_Namawala_HostSeekingTrap" time="-1">
		<error message="39_Vector_Namawala_HostSeekingTrap exited unexpectedly!  Simulation output can be found at \\bayesianfil01\IDM\home\clorton\output\simulations\\2015_10_27_21_54_36_703000" type="Functional failure"></error>
		<system-out>n/a</system-out>
		<system-err>n/a</system-err>
	</testcase>
	<testcase name="40_Malaria_Namawala_LargeVectorCampaign_StrainGenerator" time="8.0"/>
	<testcase name="9_Vector_Namawala_SugarTrap_NoFeed" time="22.0"/>
	<testcase name="8_Vector_Namawala_SugarTrap_EmergeFeed" time="21.0"/>
	<testcase name="38_Malaria_Namawala_HousingModAt540_WithDeaths" time="10.0"/>
	<testcase name="45_Vector_An_farauti_IRS" time="2.0"/>
	<testcase name="46_Vector_An_arabiensis_MultipleHabitats" time="2.0"/>
	<testcase name="49_Environmental_Namawala" time="-1">
		<failure message="49_Environmental_Namawala failed validation!  Result data can be found at \\bayesianfil01\IDM\home\clorton\output\simulations\\2015_10_27_21_54_37_363000\output/InsetChart.json" type="Validation failure"/>
		<system-out>n/a</system-out>
		<system-err>n/a</system-err>
	</testcase>
	<testcase name="36_Vector_Release_Wolbachia_Females_Individual" time="22.0"/>
	<testcase name="50_Airborne_Namawala" time="1.0"/>
	<testcase name="1_Generic_Seattle_MultiNode" time="-1">
		<failure message="1_Generic_Seattle_MultiNode failed validation!  Result data can be found at \\bayesianfil01\IDM\home\clorton\output\simulations\\2015_10_27_21_54_30_939000\output/InsetChart.json" type="Validation failure"/>
		<system-out>n/a</system-out>
		<system-err>n/a</system-err>
	</testcase>
	<testcase name="52_Vector_Namawala_Cohort_WeatherDependentFeed" time="3.0"/>
	<testcase name="42_Polio_Default_Geography" time="-1">
		<failure message="42_Polio_Default_Geography failed validation!  Result data can be found at \\bayesianfil01\IDM\home\clorton\output\simulations\\2015_10_27_21_54_36_854000\output/InsetChart.json" type="Validation failure"/>
		<system-out>n/a</system-out>
		<system-err>n/a</system-err>
	</testcase>
	<testcase name="34_Malaria_Namawala_Drugs" time="34.0"/>
	<testcase name="53_Vector_Release_HEGs" time="2.0"/>
	<testcase name="54_Vector_Release_Wolbachia" time="3.0"/>
	<testcase name="51_Vector_Namawala_SugarTrap_WeatherDependentFeed" time="15.0"/>
	<testcase name="47_Vector_An_arabiensis_MultipleHabitats_Oviposition" time="25.0"/>
	<testcase name="22_Malaria_Namawala_HousingModAt540" time="55.0"/>
	<testcase name="58_Vector_Release_HEGs_multipuddle" time="2.0"/>
	<testcase name="59_Generic_Individual_Properties" time="1.0"/>
	<testcase name="64_Vector_ScaleLarvalHabitat" time="4.0"/>
	<testcase name="56_Vector_InsectKillingFence" time="11.0"/>
	<testcase name="69_Vector_IRS_Ivermectin" time="4.0"/>
	<testcase name="73_Vector_AnimalFeedKill" time="1.0"/>
	<testcase name="74_Vector_ArtificialDiet" time="2.0"/>
	<testcase name="48_Generic_Seattle_SingleCore_Zoonosis" time="-1">
		<failure message="48_Generic_Seattle_SingleCore_Zoonosis failed validation!  Result data can be found at \\bayesianfil01\IDM\home\clorton\output\simulations\\2015_10_27_21_54_37_243000\output/InsetChart.json" type="Validation failure"/>
		<system-out>n/a</system-out>
		<system-err>n/a</system-err>
	</testcase>
	<testcase name="66_Malaria_InputEIR" time="12.0"/>
	<testcase name="41_Malaria_Default_Geography" time="-1">
		<failure message="41_Malaria_Default_Geography failed validation!  Result data can be found at \\bayesianfil01\IDM\home\clorton\output\simulations\\2015_10_27_21_54_36_806000\output/InsetChart.json" type="Validation failure"/>
		<system-out>n/a</system-out>
		<system-err>n/a</system-err>
	</testcase>
	<testcase name="65_Generic_Seattle_CoverageByNode" time="-1">
		<failure message="65_Generic_Seattle_CoverageByNode failed validation!  Result data can be found at \\bayesianfil01\IDM\home\clorton\output\simulations\\2015_10_27_21_54_37_965000\output/InsetChart.json" type="Validation failure"/>
		<system-out>n/a</system-out>
		<system-err>n/a</system-err>
	</testcase>
	<testcase name="75_Vector_ArtificialDietHousingModification" time="2.0"/>
	<testcase name="72_DistributionOverlay" time="12.0"/>
	<testcase name="77_Vector_IRSHousingModification" time="1.0"/>
	<testcase name="67_Malaria_Namawala_AgeConcentrationDrugs" time="15.0"/>
	<testcase name="78_Vector_InsectKillingFenceHousingModification" time="2.0"/>
	<testcase name="79_Vector_Ivermectin" time="2.0"/>
	<testcase name="81_Vector_OutdoorRestKill" time="2.0"/>
	<testcase name="57_Malaria_Namawala_Drugs_PkPd" time="34.0"/>
	<testcase name="80_Vector_Larvicides" time="7.0"/>
	<testcase name="85_Vector_SpaceSpraying" time="2.0"/>
	<testcase name="86_Vector_SimpleIndividualRepellent" time="-1">
		<error message="86_Vector_SimpleIndividualRepellent exited unexpectedly!  Simulation output can be found at \\bayesianfil01\IDM\home\clorton\output\simulations\\2015_10_27_21_54_41_574000" type="Functional failure"></error>
		<system-out>n/a</system-out>
		<system-err>n/a</system-err>
	</testcase>
	<testcase name="87_Vector_SpatialRepellent" time="2.0"/>
	<testcase name="82_Vector_OvipositionTrap" time="13.0"/>
	<testcase name="89_Generic_SimpleImmunoglobulin" time="1.0"/>
	<testcase name="90_Generic_Namawala_Climate_Constant" time="1.0"/>
	<testcase name="88_Vector_SpatialRepellentHousingModification" time="-1">
		<error message="88_Vector_SpatialRepellentHousingModification exited unexpectedly!  Simulation output can be found at \\bayesianfil01\IDM\home\clorton\output\simulations\\2015_10_27_21_54_41_844000" type="Functional failure"></error>
		<system-out>n/a</system-out>
		<system-err>n/a</system-err>
	</testcase>
	<testcase name="83_Vector_ScreeningHousingModification" time="-1">
		<error message="83_Vector_ScreeningHousingModification exited unexpectedly!  Simulation output can be found at \\bayesianfil01\IDM\home\clorton\output\simulations\\2015_10_27_21_54_40_817000" type="Functional failure"></error>
		<system-out>n/a</system-out>
		<system-err>n/a</system-err>
	</testcase>
	<testcase name="84_Vector_SimpleHousingModification" time="-1">
		<error message="84_Vector_SimpleHousingModification exited unexpectedly!  Simulation output can be found at \\bayesianfil01\IDM\home\clorton\output\simulations\\2015_10_27_21_54_41_068000" type="Functional failure"></error>
		<system-out>n/a</system-out>
		<system-err>n/a</system-err>
	</testcase>
	<testcase name="91_Generic_Namawala_Climate_Data" time="0.0"/>
	<testcase name="92_Generic_Namawala_Property_Restrictions_NLHTI" time="1.0"/>
	<testcase name="93_Generic_Namawala_DelayedIntervention" time="-1">
		<error message="93_Generic_Namawala_DelayedIntervention exited unexpectedly!  Simulation output can be found at \\bayesianfil01\IDM\home\clorton\output\simulations\\2015_10_27_21_54_42_132000" type="Functional failure"></error>
		<system-out>n/a</system-out>
		<system-err>n/a</system-err>
	</testcase>
	<testcase name="106_Generic_AgeDependentSusceptibility" time="2.0"/>
	<testcase name="107_Generic_Intervention_SimpleDiagnostic" time="1.0"/>
	<testcase name="99_Malaria_Intervention_RTSSVaccine" time="8.0"/>
	<testcase name="100_OneMalariaIndividual_SingleAntigen" time="5.0"/>
	<testcase name="97_Generic_Intervention_ImportPressure" time="6.0"/>
	<testcase name="94_Generic_InfectivityForcing_Sinusoid" time="14.0"/>
	<testcase name="101_OneMalariaIndividual_MultipleAntigens" time="4.0"/>
	<testcase name="Scenarios/Generic/09_DensityScaling" time="4.0"/>
	<testcase name="Scenarios/HINT/03_AgeAndAccess/A_BaselineOutbreak" time="3.0"/>
	<testcase name="95_Generic_InfectivityForcing_Boxcar" time="16.0"/>
	<testcase name="Scenarios/HINT/03_AgeAndAccess/B_AgeTargetedVaccine" time="3.0"/>
	<testcase name="96_Generic_CalendarEventCoordinator" time="16.0"/>
	<testcase name="102_OneMalariaIndividual_MultipleSwitchingAntigens" time="4.0"/>
	<testcase name="14_Polio_Bihar_Larger" time="-1">
		<failure message="14_Polio_Bihar_Larger failed validation!  Result data can be found at \\bayesianfil01\IDM\home\clorton\output\simulations\\2015_10_27_21_54_31_498000\output/InsetChart.json" type="Validation failure"/>
		<system-out>n/a</system-out>
		<system-err>n/a</system-err>
	</testcase>
	<testcase name="103_OneMalariaIndividual_MultipleSwitchingAntigensSuperInfection" time="4.0"/>
	<testcase name="Scenarios/HINT/03_AgeAndAccess/C_AccessTargetedVaccine" time="2.0"/>
	<testcase name="68_Malaria_Barcode_Genetics" time="72.0"/>
	<testcase name="55_Malaria_Strain_Tracking" time="92.0"/>
	<testcase name="Scenarios/HINT/01_RiskGroups" time="3.0"/>
	<testcase name="Scenarios/HINT/02_SchoolClosure" time="4.0"/>
	<testcase name="Scenarios/HINT/04_WAPertussis/A_BaselineOutbreak" time="-1">
		<error message="Scenarios/HINT/04_WAPertussis/A_BaselineOutbreak exited unexpectedly!  Simulation output can be found at \\bayesianfil01\IDM\home\clorton\output\simulations\\2015_10_27_21_54_44_149000" type="Functional failure"></error>
		<system-out>n/a</system-out>
		<system-err>n/a</system-err>
	</testcase>
	<testcase name="TB_1_MDR_evolution" time="-1">
		<failure message="TB_1_MDR_evolution failed validation!  Result data can be found at \\bayesianfil01\IDM\home\clorton\output\simulations\\2015_10_27_21_54_44_625000\output/InsetChart.json" type="Validation failure"/>
		<system-out>n/a</system-out>
		<system-err>n/a</system-err>
	</testcase>
	<testcase name="TB_2_MDR_transmission_only" time="-1">
		<failure message="TB_2_MDR_transmission_only failed validation!  Result data can be found at \\bayesianfil01\IDM\home\clorton\output\simulations\\2015_10_27_21_54_44_847000\output/InsetChart.json" type="Validation failure"/>
		<system-out>n/a</system-out>
		<system-err>n/a</system-err>
	</testcase>
	<testcase name="TB_2b_MDR_transmission_mixed" time="-1">
		<failure message="TB_2b_MDR_transmission_mixed failed validation!  Result data can be found at \\bayesianfil01\IDM\home\clorton\output\simulations\\2015_10_27_21_54_44_892000\output/InsetChart.json" type="Validation failure"/>
		<system-out>n/a</system-out>
		<system-err>n/a</system-err>
	</testcase>
	<testcase name="TB_2c_MDR_transmission_mixed_reducedfitness" time="-1">
		<failure message="TB_2c_MDR_transmission_mixed_reducedfitness failed validation!  Result data can be found at \\bayesianfil01\IDM\home\clorton\output\simulations\\2015_10_27_21_54_44_936000\output/InsetChart.json" type="Validation failure"/>
		<system-out>n/a</system-out>
		<system-err>n/a</system-err>
	</testcase>
	<testcase name="TB_3_Relapse_after_tx" time="-1">
		<failure message="TB_3_Relapse_after_tx failed validation!  Result data can be found at \\bayesianfil01\IDM\home\clorton\output\simulations\\2015_10_27_21_54_44_997000\output/InsetChart.json" type="Validation failure"/>
		<system-out>n/a</system-out>
		<system-err>n/a</system-err>
	</testcase>
	<testcase name="43_Vector_Garki_MultiCore_VectorMigration" time="-1">
		<failure message="43_Vector_Garki_MultiCore_VectorMigration failed validation!  Result data can be found at \\bayesianfil01\IDM\home\clorton\output\simulations\\2015_10_27_21_54_36_900000\output/InsetChart.json" type="Validation failure"/>
		<system-out>n/a</system-out>
		<system-err>n/a</system-err>
	</testcase>
	<testcase name="TB_4_PropertyChanger_Hospital2CDC" time="-1">
		<failure message="TB_4_PropertyChanger_Hospital2CDC failed validation!  Result data can be found at \\bayesianfil01\IDM\home\clorton\output\simulations\\2015_10_27_21_54_45_058000\output/InsetChart.json" type="Validation failure"/>
		<system-out>n/a</system-out>
		<system-err>n/a</system-err>
	</testcase>
	<testcase name="Scenarios/HINT/04_WAPertussis/B_TargetVaccineRefusers" time="-1">
		<error message="Scenarios/HINT/04_WAPertussis/B_TargetVaccineRefusers exited unexpectedly!  Simulation output can be found at \\bayesianfil01\IDM\home\clorton\output\simulations\\2015_10_27_21_54_44_565000" type="Functional failure"></error>
		<system-out>n/a</system-out>
		<system-err>n/a</system-err>
	</testcase>
	<testcase name="TB_6_OutbreakIndividual" time="-1">
		<failure message="TB_6_OutbreakIndividual failed validation!  Result data can be found at \\bayesianfil01\IDM\home\clorton\output\simulations\\2015_10_27_21_54_45_206000\output/InsetChart.json" type="Validation failure"/>
		<system-out>n/a</system-out>
		<system-err>n/a</system-err>
	</testcase>
	<testcase name="TB_5b_BirthTriggeredIV_BCG" time="-1">
		<failure message="TB_5b_BirthTriggeredIV_BCG failed validation!  Result data can be found at \\bayesianfil01\IDM\home\clorton\output\simulations\\2015_10_27_21_54_45_159000\output/InsetChart.json" type="Validation failure"/>
		<system-out>n/a</system-out>
		<system-err>n/a</system-err>
	</testcase>
	<testcase name="TB_7b_Diagnostic_smearPositive" time="-1">
		<failure message="TB_7b_Diagnostic_smearPositive failed validation!  Result data can be found at \\bayesianfil01\IDM\home\clorton\output\simulations\\2015_10_27_21_54_45_263000\output/InsetChart.json" type="Validation failure"/>
		<system-out>n/a</system-out>
		<system-err>n/a</system-err>
	</testcase>
	<testcase name="TB_7c_Diagnostic_MDR" time="-1">
		<failure message="TB_7c_Diagnostic_MDR failed validation!  Result data can be found at \\bayesianfil01\IDM\home\clorton\output\simulations\\2015_10_27_21_54_45_311000\output/InsetChart.json" type="Validation failure"/>
		<system-out>n/a</system-out>
		<system-err>n/a</system-err>
	</testcase>
	<testcase name="TB_10_LatentFast_Smearpos" time="-1">
		<failure message="TB_10_LatentFast_Smearpos failed validation!  Result data can be found at \\bayesianfil01\IDM\home\clorton\output\simulations\\2015_10_27_21_54_45_467000\output/InsetChart.json" type="Validation failure"/>
		<system-out>n/a</system-out>
		<system-err>n/a</system-err>
	</testcase>
	<testcase name="TB_5a_CalendarIV_delayedTreatment" time="-1">
		<error message="TB_5a_CalendarIV_delayedTreatment exited unexpectedly!  Simulation output can be found at \\bayesianfil01\IDM\home\clorton\output\simulations\\2015_10_27_21_54_45_107000" type="Functional failure"></error>
		<system-out>n/a</system-out>
		<system-err>n/a</system-err>
	</testcase>
	<testcase name="TB_11_LatentFast_SmearNeg" time="-1">
		<failure message="TB_11_LatentFast_SmearNeg failed validation!  Result data can be found at \\bayesianfil01\IDM\home\clorton\output\simulations\\2015_10_27_21_54_45_510000\output/InsetChart.json" type="Validation failure"/>
		<system-out>n/a</system-out>
		<system-err>n/a</system-err>
	</testcase>
	<testcase name="TB_12_LatentFast_Extrapulm" time="-1">
		<failure message="TB_12_LatentFast_Extrapulm failed validation!  Result data can be found at \\bayesianfil01\IDM\home\clorton\output\simulations\\2015_10_27_21_54_45_554000\output/InsetChart.json" type="Validation failure"/>
		<system-out>n/a</system-out>
		<system-err>n/a</system-err>
	</testcase>
	<testcase name="TB_13_LatentFast_ActivePresymptomatic" time="-1">
		<failure message="TB_13_LatentFast_ActivePresymptomatic failed validation!  Result data can be found at \\bayesianfil01\IDM\home\clorton\output\simulations\\2015_10_27_21_54_45_600000\output/InsetChart.json" type="Validation failure"/>
		<system-out>n/a</system-out>
		<system-err>n/a</system-err>
	</testcase>
	<testcase name="TB_8_PropDependentDrug_Retxspecific" time="-1">
		<failure message="TB_8_PropDependentDrug_Retxspecific failed validation!  Result data can be found at \\bayesianfil01\IDM\home\clorton\output\simulations\\2015_10_27_21_54_45_366000\output/InsetChart.json" type="Validation failure"/>
		<system-out>n/a</system-out>
		<system-err>n/a</system-err>
	</testcase>
	<testcase name="TB_8b_PropDependentDrug_MDRspecific" time="-1">
		<failure message="TB_8b_PropDependentDrug_MDRspecific failed validation!  Result data can be found at \\bayesianfil01\IDM\home\clorton\output\simulations\\2015_10_27_21_54_45_414000\output/InsetChart.json" type="Validation failure"/>
		<system-out>n/a</system-out>
		<system-err>n/a</system-err>
	</testcase>
	<testcase name="TB_14_LatentSlow_SmearPos_Relapse" time="-1">
		<failure message="TB_14_LatentSlow_SmearPos_Relapse failed validation!  Result data can be found at \\bayesianfil01\IDM\home\clorton\output\simulations\\2015_10_27_21_54_45_680000\output/InsetChart.json" type="Validation failure"/>
		<system-out>n/a</system-out>
		<system-err>n/a</system-err>
	</testcase>
	<testcase name="Scenarios/Generic/04_SEIR_VitalDynamics" time="40.0"/>
	<testcase name="TB_14b_LatentSlow_SmearPos_Relapse_NodeHTIPostRelapse" time="-1">
		<failure message="TB_14b_LatentSlow_SmearPos_Relapse_NodeHTIPostRelapse failed validation!  Result data can be found at \\bayesianfil01\IDM\home\clorton\output\simulations\\2015_10_27_21_54_45_724000\output/InsetChart.json" type="Validation failure"/>
		<system-out>n/a</system-out>
		<system-err>n/a</system-err>
	</testcase>
	<testcase name="TB_15_LatentSlow_SmearNeg_Inactivation" time="-1">
		<failure message="TB_15_LatentSlow_SmearNeg_Inactivation failed validation!  Result data can be found at \\bayesianfil01\IDM\home\clorton\output\simulations\\2015_10_27_21_54_45_769000\output/InsetChart.json" type="Validation failure"/>
		<system-out>n/a</system-out>
		<system-err>n/a</system-err>
	</testcase>
	<testcase name="TB_16_LatentSlow_Extrapulm_Clearance" time="-1">
		<failure message="TB_16_LatentSlow_Extrapulm_Clearance failed validation!  Result data can be found at \\bayesianfil01\IDM\home\clorton\output\simulations\\2015_10_27_21_54_45_814000\output/InsetChart.json" type="Validation failure"/>
		<system-out>n/a</system-out>
		<system-err>n/a</system-err>
	</testcase>
	<testcase name="TB_17_LatentSlow_ActivePresymptomatic" time="-1">
		<failure message="TB_17_LatentSlow_ActivePresymptomatic failed validation!  Result data can be found at \\bayesianfil01\IDM\home\clorton\output\simulations\\2015_10_27_21_54_45_858000\output/InsetChart.json" type="Validation failure"/>
		<system-out>n/a</system-out>
		<system-err>n/a</system-err>
	</testcase>
	<testcase name="TB_18_LatentFast_NaturalCure" time="-1">
		<failure message="TB_18_LatentFast_NaturalCure failed validation!  Result data can be found at \\bayesianfil01\IDM\home\clorton\output\simulations\\2015_10_27_21_54_45_906000\output/InsetChart.json" type="Validation failure"/>
		<system-out>n/a</system-out>
		<system-err>n/a</system-err>
	</testcase>
	<testcase name="TB_19_LatentFast_ActivePresymp_NaturalCure" time="-1">
		<failure message="TB_19_LatentFast_ActivePresymp_NaturalCure failed validation!  Result data can be found at \\bayesianfil01\IDM\home\clorton\output\simulations\\2015_10_27_21_54_45_950000\output/InsetChart.json" type="Validation failure"/>
		<system-out>n/a</system-out>
		<system-err>n/a</system-err>
	</testcase>
	<testcase name="TB_20_LatentFast_ActiveSmearpos_NaturalCure" time="-1">
		<failure message="TB_20_LatentFast_ActiveSmearpos_NaturalCure failed validation!  Result data can be found at \\bayesianfil01\IDM\home\clorton\output\simulations\\2015_10_27_21_54_45_993000\output/InsetChart.json" type="Validation failure"/>
		<system-out>n/a</system-out>
		<system-err>n/a</system-err>
	</testcase>
	<testcase name="TB_21_LatentFast_SmearPos_NaturalInactivation" time="-1">
		<failure message="TB_21_LatentFast_SmearPos_NaturalInactivation failed validation!  Result data can be found at \\bayesianfil01\IDM\home\clorton\output\simulations\\2015_10_27_21_54_46_048000\output/InsetChart.json" type="Validation failure"/>
		<system-out>n/a</system-out>
		<system-err>n/a</system-err>
	</testcase>
	<testcase name="TB_22_LatentFast_SmearPos_DiseaseMortality" time="-1">
		<failure message="TB_22_LatentFast_SmearPos_DiseaseMortality failed validation!  Result data can be found at \\bayesianfil01\IDM\home\clorton\output\simulations\\2015_10_27_21_54_46_092000\output/InsetChart.json" type="Validation failure"/>
		<system-out>n/a</system-out>
		<system-err>n/a</system-err>
	</testcase>
	<testcase name="TB_23_LatentFast_SmearPos_ImmuneLoss" time="-1">
		<failure message="TB_23_LatentFast_SmearPos_ImmuneLoss failed validation!  Result data can be found at \\bayesianfil01\IDM\home\clorton\output\simulations\\2015_10_27_21_54_46_135000\output/InsetChart.json" type="Validation failure"/>
		<system-out>n/a</system-out>
		<system-err>n/a</system-err>
	</testcase>
	<testcase name="TB_28_nodeHTI_ActivePresymptomatic" time="-1">
		<failure message="TB_28_nodeHTI_ActivePresymptomatic failed validation!  Result data can be found at \\bayesianfil01\IDM\home\clorton\output\simulations\\2015_10_27_21_54_46_229000\output/InsetChart.json" type="Validation failure"/>
		<system-out>n/a</system-out>
		<system-err>n/a</system-err>
	</testcase>
	<testcase name="TB_29_nodeHTI_PendingRelapse" time="-1">
		<failure message="TB_29_nodeHTI_PendingRelapse failed validation!  Result data can be found at \\bayesianfil01\IDM\home\clorton\output\simulations\\2015_10_27_21_54_46_272000\output/InsetChart.json" type="Validation failure"/>
		<system-out>n/a</system-out>
		<system-err>n/a</system-err>
	</testcase>
	<testcase name="TB_30_HSB" time="-1">
		<failure message="TB_30_HSB failed validation!  Result data can be found at \\bayesianfil01\IDM\home\clorton\output\simulations\\2015_10_27_21_54_46_334000\output/InsetChart.json" type="Validation failure"/>
		<system-out>n/a</system-out>
		<system-err>n/a</system-err>
	</testcase>
	<testcase name="TB_32_HSBUpdate" time="-1">
		<failure message="TB_32_HSBUpdate failed validation!  Result data can be found at \\bayesianfil01\IDM\home\clorton\output\simulations\\2015_10_27_21_54_46_381000\output/InsetChart.json" type="Validation failure"/>
		<system-out>n/a</system-out>
		<system-err>n/a</system-err>
	</testcase>
	<testcase name="TB_34_GroupCoordinator" time="-1">
		<failure message="TB_34_GroupCoordinator failed validation!  Result data can be found at \\bayesianfil01\IDM\home\clorton\output\simulations\\2015_10_27_21_54_46_468000\output/InsetChart.json" type="Validation failure"/>
		<system-out>n/a</system-out>
		<system-err>n/a</system-err>
	</testcase>
	<testcase name="TB_33_DiagnosticTreatNeg" time="-1">
		<failure message="TB_33_DiagnosticTreatNeg failed validation!  Result data can be found at \\bayesianfil01\IDM\home\clorton\output\simulations\\2015_10_27_21_54_46_422000\output/InsetChart.json" type="Validation failure"/>
		<system-out>n/a</system-out>
		<system-err>n/a</system-err>
	</testcase>
	<testcase name="TB_35b_NodeHTIScaleUpSwitch_PhaseOutandIn" time="-1">
		<failure message="TB_35b_NodeHTIScaleUpSwitch_PhaseOutandIn failed validation!  Result data can be found at \\bayesianfil01\IDM\home\clorton\output\simulations\\2015_10_27_21_54_46_563000\output/InsetChart.json" type="Validation failure"/>
		<system-out>n/a</system-out>
		<system-err>n/a</system-err>
	</testcase>
	<testcase name="24_Malaria_Garki" time="-1">
		<failure message="24_Malaria_Garki failed validation!  Result data can be found at \\bayesianfil01\IDM\home\clorton\output\simulations\\2015_10_27_21_54_31_968000\output/InsetChart.json" type="Validation failure"/>
		<system-out>n/a</system-out>
		<system-err>n/a</system-err>
	</testcase>
	<testcase name="29_TB_Seattle_HTI_HSB_Drugs" time="-1">
		<failure message="29_TB_Seattle_HTI_HSB_Drugs failed validation!  Result data can be found at \\bayesianfil01\IDM\home\clorton\output\simulations\\2015_10_27_21_54_36_295000\output/InsetChart.json" type="Validation failure"/>
		<system-out>n/a</system-out>
		<system-err>n/a</system-err>
	</testcase>
	<testcase name="32_TB_Seattle_Diagnostic_Drugs" time="-1">
		<failure message="32_TB_Seattle_Diagnostic_Drugs failed validation!  Result data can be found at \\bayesianfil01\IDM\home\clorton\output\simulations\\2015_10_27_21_54_36_422000\output/InsetChart.json" type="Validation failure"/>
		<system-out>n/a</system-out>
		<system-err>n/a</system-err>
	</testcase>
	<testcase name="31_TB_Seattle_BirthTriggered_BCG_Calendar" time="-1">
		<failure message="31_TB_Seattle_BirthTriggered_BCG_Calendar failed validation!  Result data can be found at \\bayesianfil01\IDM\home\clorton\output\simulations\\2015_10_27_21_54_36_362000\output/InsetChart.json" type="Validation failure"/>
		<system-out>n/a</system-out>
		<system-err>n/a</system-err>
	</testcase>
	<testcase name="25_Vector_Madagascar" time="-1">
		<failure message="25_Vector_Madagascar failed validation!  Result data can be found at \\bayesianfil01\IDM\home\clorton\output\simulations\\2015_10_27_21_54_32_464000\output/InsetChart.json" type="Validation failure"/>
		<system-out>n/a</system-out>
		<system-err>n/a</system-err>
	</testcase>
	<testcase name="26_Vector_Garki" time="-1">
		<failure message="26_Vector_Garki failed validation!  Result data can be found at \\bayesianfil01\IDM\home\clorton\output\simulations\\2015_10_27_21_54_36_124000\output/InsetChart.json" type="Validation failure"/>
		<system-out>n/a</system-out>
		<system-err>n/a</system-err>
	</testcase>
	<testcase name="TB_35_NodeHTIScaleUpSwitch_PhaseInOnly" time="-1">
		<failure message="TB_35_NodeHTIScaleUpSwitch_PhaseInOnly failed validation!  Result data can be found at \\bayesianfil01\IDM\home\clorton\output\simulations\\2015_10_27_21_54_46_518000\output/InsetChart.json" type="Validation failure"/>
		<system-out>n/a</system-out>
		<system-err>n/a</system-err>
	</testcase>
	<testcase name="TB_27_nodeHTI_ActiveSymptomatic" time="-1">
		<failure message="TB_27_nodeHTI_ActiveSymptomatic failed validation!  Result data can be found at \\bayesianfil01\IDM\home\clorton\output\simulations\\2015_10_27_21_54_46_185000\output/InsetChart.json" type="Validation failure"/>
		<system-out>n/a</system-out>
		<system-err>n/a</system-err>
	</testcase>
	<testcase name="Scenarios/HINT/05_SeattleCommuting" time="26.0"/>
</testsuite>
