<?xml version="1.0" ?>
<testsuite errors="2" failures="6" name="mc_testing regression suite" tests="8" time="495.528">
	<properties>
		<property name="Version string" value="2.0.5633.0 trunk"/>
		<property name="HPC Headnode" value="bayesianhpc.internal.idm.ctr"/>
		<property name="HPC Nodegroup" value="ComputeNodes"/>
	</properties>
	<testcase name="71_Polio_Default_Multicore" time="-1">
		<error message="71_Polio_Default_Multicore exited unexpectedly!  Simulation output can be found at \\bayesianfil01\IDM\home\clorton\output\simulations\\2015_10_29_17_49_38_292000" type="Functional failure"></error>
		<system-out>n/a</system-out>
		<system-err>n/a</system-err>
	</testcase>
	<testcase name="70_TB_Seattle_Multicore" time="-1">
		<error message="70_TB_Seattle_Multicore exited unexpectedly!  Simulation output can be found at \\bayesianfil01\IDM\home\clorton\output\simulations\\2015_10_29_17_49_38_202000" type="Functional failure"></error>
		<system-out>n/a</system-out>
		<system-err>n/a</system-err>
	</testcase>
	<testcase name="1_Generic_Seattle_MultiNode" time="-1">
		<failure message="1_Generic_Seattle_MultiNode failed validation!  Result data can be found at \\bayesianfil01\IDM\home\clorton\output\simulations\\2015_10_29_17_49_33_780000\output/InsetChart.json" type="Validation failure"/>
		<system-out>n/a</system-out>
		<system-err>n/a</system-err>
	</testcase>
	<testcase name="48_Generic_Seattle_SingleCore_Zoonosis" time="-1">
		<failure message="48_Generic_Seattle_SingleCore_Zoonosis failed validation!  Result data can be found at \\bayesianfil01\IDM\home\clorton\output\simulations\\2015_10_29_17_49_38_123000\output/InsetChart.json" type="Validation failure"/>
		<system-out>n/a</system-out>
		<system-err>n/a</system-err>
	</testcase>
	<testcase name="43_Vector_Garki_MultiCore_VectorMigration" time="-1">
		<failure message="43_Vector_Garki_MultiCore_VectorMigration failed validation!  Result data can be found at \\bayesianfil01\IDM\home\clorton\output\simulations\\2015_10_29_17_49_37_931000\output/InsetChart.json" type="Validation failure"/>
		<system-out>n/a</system-out>
		<system-err>n/a</system-err>
	</testcase>
	<testcase name="24_Malaria_Garki" time="-1">
		<failure message="24_Malaria_Garki failed validation!  Result data can be found at \\bayesianfil01\IDM\home\clorton\output\simulations\\2015_10_29_17_49_33_878000\output/InsetChart.json" type="Validation failure"/>
		<system-out>n/a</system-out>
		<system-err>n/a</system-err>
	</testcase>
	<testcase name="26_Vector_Garki" time="-1">
		<failure message="26_Vector_Garki failed validation!  Result data can be found at \\bayesianfil01\IDM\home\clorton\output\simulations\\2015_10_29_17_49_37_761000\output/InsetChart.json" type="Validation failure"/>
		<system-out>n/a</system-out>
		<system-err>n/a</system-err>
	</testcase>
	<testcase name="25_Vector_Madagascar" time="-1">
		<failure message="25_Vector_Madagascar failed validation!  Result data can be found at \\bayesianfil01\IDM\home\clorton\output\simulations\\2015_10_29_17_49_34_137000\output/InsetChart.json" type="Validation failure"/>
		<system-out>n/a</system-out>
		<system-err>n/a</system-err>
	</testcase>
</testsuite>
