<?xml version="1.0" ?>
<testsuite errors="2" failures="1" name="malaria regression suite" tests="22" time="621.154">
	<properties>
		<property name="Version string" value="2.0.5633.0 trunk"/>
		<property name="HPC Headnode" value="bayesianhpc.internal.idm.ctr"/>
		<property name="HPC Nodegroup" value="ComputeNodes"/>
	</properties>
	<testcase name="99_Malaria_Intervention_RTSSVaccine" time="8.0"/>
	<testcase name="38_Malaria_Namawala_HousingModAt540_WithDeaths" time="8.0"/>
	<testcase name="40_Malaria_Namawala_LargeVectorCampaign_StrainGenerator" time="9.0"/>
	<testcase name="67_Malaria_Namawala_AgeConcentrationDrugs" time="15.0"/>
	<testcase name="12_Malaria_Namawala_LargeVectorCampaign" time="19.0"/>
	<testcase name="34_Malaria_Namawala_Drugs" time="21.0"/>
	<testcase name="66_Malaria_InputEIR" time="9.0"/>
	<testcase name="100_OneMalariaIndividual_SingleAntigen" time="5.0"/>
	<testcase name="102_OneMalariaIndividual_MultipleSwitchingAntigens" time="5.0"/>
	<testcase name="101_OneMalariaIndividual_MultipleAntigens" time="5.0"/>
	<testcase name="103_OneMalariaIndividual_MultipleSwitchingAntigensSuperInfection" time="6.0"/>
	<testcase name="57_Malaria_Namawala_Drugs_PkPd" time="33.0"/>
	<testcase name="68_Malaria_Barcode_Genetics" time="-1">
		<error message="68_Malaria_Barcode_Genetics exited unexpectedly!  Simulation output can be found at \\bayesianfil01\IDM\home\clorton\output\simulations\\2015_10_27_14_54_44_717000" type="Functional failure"></error>
		<system-out>n/a</system-out>
		<system-err>n/a</system-err>
	</testcase>
	<testcase name="41_Malaria_Default_Geography" time="-1">
		<failure message="41_Malaria_Default_Geography failed validation!  Result data can be found at \\bayesianfil01\IDM\home\clorton\output\simulations\\2015_10_27_14_54_44_343000\output/InsetChart.json" type="Validation failure"/>
		<system-out>n/a</system-out>
		<system-err>n/a</system-err>
	</testcase>
	<testcase name="22_Malaria_Namawala_HousingModAt540" time="55.0"/>
	<testcase name="55_Malaria_Strain_Tracking" time="67.0"/>
	<testcase name="28_Malaria_Sandbox" time="73.0"/>
	<testcase name="111_Namawala_Immune_Initialization" time="181.0"/>
	<testcase name="110_Namawala_Production_Burnin" time="242.0"/>
	<testcase name="Scenarios/VectorAndMalaria/08_Garki_IRSMDA" time="311.0"/>
	<testcase name="Scenarios/VectorAndMalaria/02_Namawala_Full_Malaria_Model" time="519.0"/>
	<testcase name="24_Malaria_Garki" time="-1">
		<error message="24_Malaria_Garki exited unexpectedly!  Simulation output can be found at \\bayesianfil01\IDM\home\clorton\output\simulations\\2015_10_27_14_54_43_794000" type="Functional failure"></error>
		<system-out>n/a</system-out>
		<system-err>n/a</system-err>
	</testcase>
</testsuite>
